<?xml version="1.0" encoding="UTF-8"?>
<testng-results ignored="0" total="2" passed="2" failed="0" skipped="0">
  <reporter-output>
  </reporter-output>
  <suite started-at="2023-09-09T21:41:19 IST" name="Cucumber Parallel Execution Suite" finished-at="2023-09-09T21:42:04 IST" duration-ms="44686">
    <groups>
      <group name="cucumber">
        <method signature="AbstractTestNGCucumberTests.runScenario(io.cucumber.testng.PickleWrapper,io.cucumber.testng.FeatureWrapper)[pri:0, instance:cucumber_s2_demo_testscripts.TestRunnerForLoginPage@19e4653c]" name="runScenario" class="io.cucumber.testng.AbstractTestNGCucumberTests"/>
        <method signature="AbstractTestNGCucumberTests.runScenario(io.cucumber.testng.PickleWrapper,io.cucumber.testng.FeatureWrapper)[pri:0, instance:cucumber_s2_demo_testscripts.TestRunnerClassForSerchItemPage@31ea9581]" name="runScenario" class="io.cucumber.testng.AbstractTestNGCucumberTests"/>
      </group> <!-- cucumber -->
    </groups>
    <test started-at="2023-09-09T21:41:19 IST" name="Login Tests" finished-at="2023-09-09T21:41:53 IST" duration-ms="33651">
      <class name="cucumber_s2_demo_testscripts.TestRunnerForLoginPage">
        <test-method is-config="true" signature="setUpClass(org.testng.ITestContext)[pri:0, instance:cucumber_s2_demo_testscripts.TestRunnerForLoginPage@19e4653c]" started-at="2023-09-09T21:41:19 IST" name="setUpClass" finished-at="2023-09-09T21:41:20 IST" duration-ms="641" status="PASS">
          <params>
            <param index="0">
              <value>
                <![CDATA[org.testng.TestRunner@4d98e41b]]>
              </value>
            </param>
          </params>
          <reporter-output>
          </reporter-output>
        </test-method> <!-- setUpClass -->
        <test-method signature="runScenario(io.cucumber.testng.PickleWrapper,io.cucumber.testng.FeatureWrapper)[pri:0, instance:cucumber_s2_demo_testscripts.TestRunnerForLoginPage@19e4653c]" started-at="2023-09-09T21:41:20 IST" name="runScenario" description="Runs Cucumber Scenarios" data-provider="scenarios" finished-at="2023-09-09T21:41:53 IST" duration-ms="32913" status="PASS">
          <params>
            <param index="0">
              <value>
                <![CDATA["Successful Login"]]>
              </value>
            </param>
            <param index="1">
              <value>
                <![CDATA["Optional[Login to DemoWebShop]"]]>
              </value>
            </param>
          </params>
          <reporter-output>
          </reporter-output>
        </test-method> <!-- runScenario -->
        <test-method is-config="true" signature="tearDownClass()[pri:0, instance:cucumber_s2_demo_testscripts.TestRunnerForLoginPage@19e4653c]" started-at="2023-09-09T21:41:53 IST" name="tearDownClass" finished-at="2023-09-09T21:41:53 IST" duration-ms="40" status="PASS">
          <reporter-output>
          </reporter-output>
        </test-method> <!-- tearDownClass -->
      </class> <!-- cucumber_s2_demo_testscripts.TestRunnerForLoginPage -->
    </test> <!-- Login Tests -->
    <test started-at="2023-09-09T21:41:53 IST" name="Add fiction book to cart" finished-at="2023-09-09T21:42:04 IST" duration-ms="11000">
      <class name="cucumber_s2_demo_testscripts.TestRunnerClassForSerchItemPage">
        <test-method is-config="true" signature="setUpClass(org.testng.ITestContext)[pri:0, instance:cucumber_s2_demo_testscripts.TestRunnerClassForSerchItemPage@31ea9581]" started-at="2023-09-09T21:41:53 IST" name="setUpClass" finished-at="2023-09-09T21:41:53 IST" duration-ms="14" status="PASS">
          <params>
            <param index="0">
              <value>
                <![CDATA[org.testng.TestRunner@7459a21e]]>
              </value>
            </param>
          </params>
          <reporter-output>
          </reporter-output>
        </test-method> <!-- setUpClass -->
        <test-method signature="runScenario(io.cucumber.testng.PickleWrapper,io.cucumber.testng.FeatureWrapper)[pri:0, instance:cucumber_s2_demo_testscripts.TestRunnerClassForSerchItemPage@31ea9581]" started-at="2023-09-09T21:41:53 IST" name="runScenario" description="Runs Cucumber Scenarios" data-provider="scenarios" finished-at="2023-09-09T21:42:04 IST" duration-ms="10966" status="PASS">
          <params>
            <param index="0">
              <value>
                <![CDATA["User searches for a book named "Fiction" and adds it to the cart"]]>
              </value>
            </param>
            <param index="1">
              <value>
                <![CDATA["Optional[Add Book to Cart]"]]>
              </value>
            </param>
          </params>
          <reporter-output>
          </reporter-output>
        </test-method> <!-- runScenario -->
        <test-method is-config="true" signature="tearDownClass()[pri:0, instance:cucumber_s2_demo_testscripts.TestRunnerClassForSerchItemPage@31ea9581]" started-at="2023-09-09T21:42:04 IST" name="tearDownClass" finished-at="2023-09-09T21:42:04 IST" duration-ms="17" status="PASS">
          <reporter-output>
          </reporter-output>
        </test-method> <!-- tearDownClass -->
      </class> <!-- cucumber_s2_demo_testscripts.TestRunnerClassForSerchItemPage -->
    </test> <!-- Add fiction book to cart -->
  </suite> <!-- Cucumber Parallel Execution Suite -->
</testng-results>
